This is pdfTeXk, Version 3.141592-1.40.3 (Web2C 7.5.6) (format=pdflatex 2015.2.25)  21 MAY 2015 18:50
entering extended mode
 %&-line parsing enabled.
**LiteratureReview.tex
(./LiteratureReview.tex
LaTeX2e <2005/12/01>
Babel <v3.8h> and hyphenation patterns for english, usenglishmax, dumylang, noh
yphenation, arabic, basque, bulgarian, coptic, welsh, czech, slovak, german, ng
erman, danish, esperanto, spanish, catalan, galician, estonian, farsi, finnish,
 french, greek, monogreek, ancientgreek, croatian, hungarian, interlingua, ibyc
us, indonesian, icelandic, italian, latin, mongolian, dutch, norsk, polish, por
tuguese, pinyin, romanian, russian, slovenian, uppersorbian, serbian, swedish, 
turkish, ukenglish, ukrainian, loaded.
(/usr/share/texmf/tex/latex/base/article.cls
Document Class: article 2005/09/16 v1.4f Standard LaTeX document class
(/usr/share/texmf/tex/latex/base/size12.clo
File: size12.clo 2005/09/16 v1.4f Standard LaTeX file (size option)
)
\c@part=\count79
\c@section=\count80
\c@subsection=\count81
\c@subsubsection=\count82
\c@paragraph=\count83
\c@subparagraph=\count84
\c@figure=\count85
\c@table=\count86
\abovecaptionskip=\skip41
\belowcaptionskip=\skip42
\bibindent=\dimen102
)
(/usr/share/texmf/tex/latex/ifp/head.sty
Head style Version 1.0
\@HeadRuleHeight=\skip43
\@FootRuleHeight=\skip44
\@RuleSeparation=\skip45
\@HeadRuleSeparation=\skip46
\@FootRuleSeparation=\skip47
) (/usr/share/texmf/tex/latex/ifp/fullpage.sty
Fullpage style Version 1.0
) (/usr/share/texmf/tex/generic/epsf/epsf.sty
This is `epsf.tex' v2.7.3 <23 July 2005>
\epsffilein=\read1
\epsfframemargin=\dimen103
\epsfframethickness=\dimen104
\epsfrsize=\dimen105
\epsftmp=\dimen106
\epsftsize=\dimen107
\epsfxsize=\dimen108
\epsfysize=\dimen109
\pspoints=\dimen110
)
No file LiteratureReview.aux.
\openout1 = `LiteratureReview.aux'.

LaTeX Font Info:    Checking defaults for OML/cmm/m/it on input line 14.
LaTeX Font Info:    ... okay on input line 14.
LaTeX Font Info:    Checking defaults for T1/cmr/m/n on input line 14.
LaTeX Font Info:    ... okay on input line 14.
LaTeX Font Info:    Checking defaults for OT1/cmr/m/n on input line 14.
LaTeX Font Info:    ... okay on input line 14.
LaTeX Font Info:    Checking defaults for OMS/cmsy/m/n on input line 14.
LaTeX Font Info:    ... okay on input line 14.
LaTeX Font Info:    Checking defaults for OMX/cmex/m/n on input line 14.
LaTeX Font Info:    ... okay on input line 14.
LaTeX Font Info:    Checking defaults for U/cmr/m/n on input line 14.
LaTeX Font Info:    ... okay on input line 14.
(crest.eps
)
[1

{/var/lib/texmf/fonts/map/pdftex/updmap/pdftex.map}
Non-PDF special ignored!]
No file LiteratureReview.toc.
\tf@toc=\write3
\openout3 = `LiteratureReview.toc'.


LaTeX Warning: Citation `jr:ashkin' on page 1 undefined on input line 68.


LaTeX Warning: Citation `ob:bornwolf' on page 1 undefined on input line 68.


LaTeX Warning: Citation `jr:dholakia' on page 1 undefined on input line 70.


LaTeX Warning: Citation `ob:hechtoptics' on page 1 undefined on input line 71.


LaTeX Warning: Citation `jr:block' on page 1 undefined on input line 80.


LaTeX Warning: Citation `jr:dammann' on page 1 undefined on input line 84.


LaTeX Warning: Citation `jr:block' on page 1 undefined on input line 109.


LaTeX Warning: Reference `fig:prism' on page 1 undefined on input line 111.

(OpticalSystem.eps
! Could not open file OpticalSystem.eps, ignoring it.
\epsfgetbb ...Could not open file #1, ignoring it}
                                                  \else {\chardef \other = 1...
l.122           \epsffile{OpticalSystem.eps}
                                            
This error message was generated by an \errmessage
command, so I can't give any explicit help.
Pretend that you're Hercule Poirot: Examine all clues,
and deduce the truth by order and method.

)
No file LiteratureReview.bbl.
[1] [2
Non-PDF special ignored!] (./LiteratureReview.aux)

LaTeX Warning: There were undefined references.


LaTeX Warning: Label(s) may have changed. Rerun to get cross-references right.

 ) 
Here is how much of TeX's memory you used:
 335 strings out of 256216
 3889 string characters out of 1917072
 50804 words of memory out of 1500000
 3685 multiletter control sequences out of 10000+200000
 6581 words of font info for 24 fonts, out of 1200000 for 2000
 645 hyphenation exceptions out of 8191
 22i,6n,21p,257b,173s stack positions out of 5000i,500n,6000p,200000b,15000s
</usr/share/texmf/fonts/type1/bluesky/cm/cmbx10.pfb></usr/share/texmf/fonts/t
ype1/bluesky/cm/cmbx12.pfb></usr/share/texmf/fonts/type1/bluesky/cm/cmr10.pfb><
/usr/share/texmf/fonts/type1/bluesky/cm/cmr12.pfb></usr/share/texmf/fonts/type1
/bluesky/cm/cmti12.pfb></usr/share/texmf/fonts/type1/bluesky/cm/cmtt12.pfb>
Output written on LiteratureReview.pdf (3 pages, 49932 bytes).
PDF statistics:
 36 PDF objects out of 1000 (max. 8388607)
 0 named destinations out of 1000 (max. 131072)
 1 words of extra memory for PDF output out of 10000 (max. 10000000)

